2024-11-11 16:44:43|   0.0|  0.0|INFORM|Current FME version: FME 2024.0.3.0 (20240603 - Build 24220 - WIN64)
2024-11-11 16:44:43|   0.0|  0.0|INFORM|System Time: 20241111164444 UTC
2024-11-11 16:44:43|   0.0|  0.0|INFORM|FME_HOME is 'C:\Program Files\FME\'
2024-11-11 16:44:43|   0.0|  0.0|INFORM|FME Form (floating)
2024-11-11 16:44:43|   0.0|  0.0|INFORM|Temporary License: 262 days left.
2024-11-11 16:44:43|   0.0|  0.0|INFORM|Machine host name is: CAI-FilledByOEM
2024-11-11 16:44:43|   0.0|  0.0|INFORM|OS Locale Name     : en_US
2024-11-11 16:44:43|   0.0|  0.0|INFORM|OS Locale Encoding : windows-1252
2024-11-11 16:44:43|   0.0|  0.0|INFORM|Process Encoding   : UTF-8
2024-11-11 16:44:43|   0.0|  0.0|INFORM|FME API version: '4.0 20240212'
2024-11-11 16:44:43|   0.0|  0.0|INFORM|FME Configuration: FME_BASE is 'no'
2024-11-11 16:44:43|   0.0|  0.0|INFORM|FME Configuration: FME_MF_DIR is 'D:\FME Projects\Demos\Demo 1 - Anonymiser/'
2024-11-11 16:44:43|   0.0|  0.0|INFORM|FME Configuration: FME_MF_NAME is 'Simple-Anonymiser.fmw'
2024-11-11 16:44:43|   0.0|  0.0|INFORM|FME Configuration: FME_PRODUCT_NAME is 'FME(R) 2024.0.3.0'
2024-11-11 16:44:43|   0.0|  0.0|INFORM|Operating System: Microsoft Windows 11 64-bit  (Build 22631)
2024-11-11 16:44:43|   0.0|  0.0|INFORM|FME Platform: WIN64
2024-11-11 16:44:43|   0.0|  0.0|INFORM|System Status: 144.02 GB of disk space available in the FME temporary folder (C:\Users\ruddyj\AppData\Local\Temp\wbrun_1731341914797_30472\fmetmp_6)
2024-11-11 16:44:43|   0.0|  0.0|INFORM|System Status: 29.94 GB of physical memory available
2024-11-11 16:44:43|   0.0|  0.0|INFORM|System Status: 119.74 GB of virtual memory available
2024-11-11 16:44:43|   0.0|  0.0|INFORM|START - ProcessID: 14952, peak process memory usage: 42628 kB, current process memory usage: 42628 kB
2024-11-11 16:44:43|   0.0|  0.0|INFORM|FME Configuration: Command line arguments are `C:\Program Files\FME\fme.exe' `D:\FME Projects\Demos\Demo 1 - Anonymiser\wb-xlate-1731343480686_30472' `LOG_STANDARDOUT' `YES' `LOG_TIMINGS' `YES' `LogCountServerName' `59590' `LOG_STANDARDOUT' `No' `WORKBENCH_LOG_SERVER' `58501'
2024-11-11 16:44:43|   0.0|  0.0|INFORM|FME Configuration: Connection Storage: 'C:\Users\ruddyj\AppData\Roaming\Safe Software\FME\'
2024-11-11 16:44:43|   0.0|  0.0|INFORM|Shared folders for formats are : C:\Program Files\FME\datasources;C:\Users\ruddyj\Documents\FME\Formats
2024-11-11 16:44:43|   0.0|  0.0|INFORM|Shared folders for transformers are : C:\Users\ruddyj\AppData\Roaming\Safe Software\FME\Packages\24220-win64\transformers;C:\Program Files\FME\transformers;C:\Users\ruddyj\AppData\Roaming\Safe Software\FME\FME Store\Transformers
2024-11-11 16:44:43|   0.0|  0.0|INFORM|Shared folders for coordinate systems are : C:\Users\ruddyj\Documents\FME\CoordinateSystems
2024-11-11 16:44:43|   0.0|  0.0|INFORM|Shared folders for coordinate system exceptions are : C:\Users\ruddyj\Documents\FME\CoordinateSystemExceptions
2024-11-11 16:44:43|   0.0|  0.0|INFORM|Shared folders for coordinate system grid overrides are : C:\Users\ruddyj\Documents\FME\CoordinateSystemGridOverrides
2024-11-11 16:44:43|   0.0|  0.0|INFORM|Shared folders for CS-MAP transformation exceptions are : C:\Users\ruddyj\Documents\FME\CsmapTransformationExceptions
2024-11-11 16:44:43|   0.0|  0.0|INFORM|Shared folders for transformer categories are : C:\Users\ruddyj\Documents\FME\TransformerCategories
2024-11-11 16:44:43|   0.0|  0.0|INFORM|FME Configuration: Reader Keyword is `MULTI_READER'
2024-11-11 16:44:43|   0.0|  0.0|INFORM|FME Configuration: Writer Keyword is `PRIMARY_DEST'
2024-11-11 16:44:43|   0.0|  0.0|INFORM|FME Configuration: Writer Group Definition Keyword is `PRIMARY_DEST_DEF'
2024-11-11 16:44:43|   0.0|  0.0|INFORM|FME Configuration: Reader type is `MULTI_READER'
2024-11-11 16:44:43|   0.0|  0.0|INFORM|FME Configuration: Writer type is `MULTI_WRITER'
2024-11-11 16:44:43|   0.0|  0.0|INFORM|FME Configuration: No destination coordinate system set
2024-11-11 16:44:43|   0.0|  0.0|INFORM|FME Configuration: Current working folder is `D:\FME Projects\Demos\Demo 1 - Anonymiser'
2024-11-11 16:44:43|   0.1|  0.1|INFORM|FME Configuration: Temporary folder is `C:\Users\ruddyj\AppData\Local\Temp\wbrun_1731341914797_30472\fmetmp_6', set from environment variable `FME_TEMP'
2024-11-11 16:44:43|   0.1|  0.0|INFORM|FME Configuration: Cache folder is 'C:\Users\ruddyj\AppData\Local\Temp'
2024-11-11 16:44:43|   0.1|  0.0|INFORM|FME Configuration: FME_HOME is `C:\Program Files\FME\'
2024-11-11 16:44:43|   0.1|  0.0|INFORM|FME Configuration: Start freeing memory when the process exceeds 89.81 GB
2024-11-11 16:44:43|   0.1|  0.0|INFORM|FME Configuration: Stop freeing memory when the process is below 67.35 GB
2024-11-11 16:44:43|   0.2|  0.1|INFORM|Creating writer for format: 
2024-11-11 16:44:43|   0.2|  0.0|INFORM|Creating reader for format: 
2024-11-11 16:44:43|   0.2|  0.0|INFORM|MULTI_READER(MULTI_READER): Will fail with first member reader failure
2024-11-11 16:44:43|   0.2|  0.0|INFORM|Using Multi Reader with keyword `MULTI_READER' to read multiple datasets
2024-11-11 16:44:43|   0.2|  0.0|INFORM|Using MultiWriter with keyword `PRIMARY_DEST' to output data (ID_ATTRIBUTE is `multi_writer_id')
2024-11-11 16:44:43|   0.2|  0.0|INFORM|Writer output will be ordered by value of multi_writer_id
2024-11-11 16:44:43|   0.2|  0.0|INFORM|Loaded module 'LogCount_func' from file 'C:\Program Files\FME\plugins/LogCount_func.dll'
2024-11-11 16:44:43|   0.2|  0.0|INFORM|FME API version of module 'LogCount_func' matches current internal version (4.0 20240212)
2024-11-11 16:44:43|   0.2|  0.0|INFORM|Emptying factory pipeline
2024-11-11 16:44:43|   0.2|  0.0|STATS |Router and Unexpected Input Remover (RoutingFactory): Tested 0 input feature(s), wrote 0 output feature(s): 0 matched merge filters, 0 were routed to output, 0 could not be routed.
2024-11-11 16:44:43|   0.2|  0.0|STATS |Unwanted Router Input Nuker (TeeFactory): Cloned 0 input feature(s) into 0 output feature(s)
2024-11-11 16:44:43|   0.2|  0.0|STATS |CSV_CSV2_1 Splitter (TeeFactory): Cloned 0 input feature(s) into 0 output feature(s)
2024-11-11 16:44:43|   0.2|  0.0|STATS |Restoring 65 feature(s) from FME feature store file `C:\Users\ruddyj\AppData\Local\Temp\wb-cache-Simple-Anonymiser-IoRdAl\Main_AttributeCompressor -1 6 fo 0 OUTPUT  0  03c74dd0cef5fea514afc4b8fceda0534793e8c3.ffs'
2024-11-11 16:44:45|   1.3|  1.1|INFORM|Creating writer for format: Microsoft Excel
2024-11-11 16:44:45|   1.3|  0.0|INFORM|Trying to find a DYNAMIC plugin for writer named `XLSXW'
2024-11-11 16:44:45|   1.3|  0.0|INFORM|Loaded module 'XLSXW' from file 'C:\Program Files\FME\plugins/xlsx.dll'
2024-11-11 16:44:45|   1.3|  0.0|INFORM|FME API version of module 'xlsx' matches current internal version (4.0 20240212)
2024-11-11 16:44:45|   1.3|  0.0|INFORM|FME Configuration: No destination coordinate system set
2024-11-11 16:44:45|   1.3|  0.0|INFORM|Writer `XLSXW_1' of type `XLSXW' using group definition keyword `XLSXW_1_DEF'
2024-11-11 16:44:45|   1.3|  0.0|INFORM|Excel Writer: Use Attribute Names As Column Positions is set to 'no' for sheet 'Anonymised-Members' in dataset 'D:\FME Projects\Demos\Demo 1 - Anonymiser\Output\Anonymised-sportsclubdata.xlsx' 
2024-11-11 16:44:45|   1.3|  0.0|INFORM|Excel Writer: Opening dataset 'D:\FME Projects\Demos\Demo 1 - Anonymiser\Output\Anonymised-sportsclubdata.xlsx'...
2024-11-11 16:44:45|   1.3|  0.0|INFORM|Excel Writer: Reading existing workbook formatting. Workbook contains 1 fonts and 7 cell formats
2024-11-11 16:44:45|   1.3|  0.0|INFORM|Excel Writer: Dropping sheet 'Anonymised-Members'
2024-11-11 16:44:45|   1.3|  0.0|INFORM|Excel Writer: Sheet 'Anonymised-Members' has writer mode 'INSERT'
2024-11-11 16:44:45|   1.3|  0.0|INFORM|Excel Writer: Sheet 'Anonymised-Members' has Output field names set to 'yes'
2024-11-11 16:44:45|   1.3|  0.0|INFORM|Excel Writer: Sheet 'Anonymised-Members' will start writing to row '1' and column 'A' relative to its start location. Sheets have a starting location of row 1, column 1, named range starting locations can be specified
2024-11-11 16:44:45|   1.3|  0.0|INFORM|Excel Writer: Outputting field names for sheet 'Anonymised-Members'
2024-11-11 16:44:45|   1.3|  0.0|STATS |Destination Feature Type Routing Correlator (RoutingFactory): Tested 65 input feature(s), wrote 65 output feature(s): 0 matched merge filters, 65 were routed to output, 0 could not be routed.
2024-11-11 16:44:45|   1.3|  0.0|STATS |Final Output Nuker (TeeFactory): Cloned 0 input feature(s) into 0 output feature(s)
2024-11-11 16:44:45|   1.3|  0.0|INFORM|Excel Writer: Saving changes to dataset 'D:\FME Projects\Demos\Demo 1 - Anonymiser\Output\Anonymised-sportsclubdata.xlsx'
2024-11-11 16:44:45|   1.3|  0.0|INFORM|Excel Writer: Workbook contains 1 fonts and 8 cell formats after writing
2024-11-11 16:44:45|   1.4|  0.1|INFORM|Excel Writer: Closing dataset 'D:\FME Projects\Demos\Demo 1 - Anonymiser\Output\Anonymised-sportsclubdata.xlsx'...
2024-11-11 16:44:45|   1.4|  0.0|INFORM|=-=-=-=-=-=-=-=-=-=-=-=-=-=-=-=-=-=-=-=-=-=-=-=-=-=-=-=-=-=-=-=-=-=-=-=-=-=-=-
2024-11-11 16:44:45|   1.4|  0.0|INFORM|Feature output statistics for `XLSXW' writer using keyword `XLSXW_1':
2024-11-11 16:44:45|   1.4|  0.0|STATS |=-=-=-=-=-=-=-=-=-=-=-=-=-=-=-=-=-=-=-=-=-=-=-=-=-=-=-=-=-=-=-=-=-=-=-=-=-=-=-
2024-11-11 16:44:45|   1.4|  0.0|STATS |                               Features Written
2024-11-11 16:44:45|   1.4|  0.0|STATS |=-=-=-=-=-=-=-=-=-=-=-=-=-=-=-=-=-=-=-=-=-=-=-=-=-=-=-=-=-=-=-=-=-=-=-=-=-=-=-
2024-11-11 16:44:45|   1.4|  0.0|STATS |Anonymised-Members                                                          65
2024-11-11 16:44:45|   1.4|  0.0|STATS |==============================================================================
2024-11-11 16:44:45|   1.4|  0.0|STATS |Total Features Written                                                      65
2024-11-11 16:44:45|   1.4|  0.0|STATS |=-=-=-=-=-=-=-=-=-=-=-=-=-=-=-=-=-=-=-=-=-=-=-=-=-=-=-=-=-=-=-=-=-=-=-=-=-=-=-
2024-11-11 16:44:45|   1.4|  0.0|STATS |=-=-=-=-=-=-=-=-=-=-=-=-=-=-=-=-=-=-=-=-=-=-=-=-=-=-=-=-=-=-=-=-=-=-=-=-=-=-=-
2024-11-11 16:44:45|   1.4|  0.0|STATS |                            Features Read Summary
2024-11-11 16:44:45|   1.4|  0.0|STATS |=-=-=-=-=-=-=-=-=-=-=-=-=-=-=-=-=-=-=-=-=-=-=-=-=-=-=-=-=-=-=-=-=-=-=-=-=-=-=-
2024-11-11 16:44:45|   1.4|  0.0|STATS |==============================================================================
2024-11-11 16:44:45|   1.4|  0.0|STATS |Total Features Read                                                          0
2024-11-11 16:44:45|   1.4|  0.0|STATS |=-=-=-=-=-=-=-=-=-=-=-=-=-=-=-=-=-=-=-=-=-=-=-=-=-=-=-=-=-=-=-=-=-=-=-=-=-=-=-
2024-11-11 16:44:45|   1.4|  0.0|STATS |=-=-=-=-=-=-=-=-=-=-=-=-=-=-=-=-=-=-=-=-=-=-=-=-=-=-=-=-=-=-=-=-=-=-=-=-=-=-=-
2024-11-11 16:44:45|   1.4|  0.0|STATS |                           Features Written Summary
2024-11-11 16:44:45|   1.4|  0.0|STATS |=-=-=-=-=-=-=-=-=-=-=-=-=-=-=-=-=-=-=-=-=-=-=-=-=-=-=-=-=-=-=-=-=-=-=-=-=-=-=-
2024-11-11 16:44:45|   1.4|  0.0|STATS |Anonymised-Members                                                          65
2024-11-11 16:44:45|   1.4|  0.0|STATS |==============================================================================
2024-11-11 16:44:45|   1.4|  0.0|STATS |Total Features Written                                                      65
2024-11-11 16:44:45|   1.4|  0.0|STATS |=-=-=-=-=-=-=-=-=-=-=-=-=-=-=-=-=-=-=-=-=-=-=-=-=-=-=-=-=-=-=-=-=-=-=-=-=-=-=-
2024-11-11 16:44:45|   1.4|  0.0|WARN  |-~-~-~-~-~-~-~-~-~-~-~-~-~-~-~-~-~-~-~-~-~-~-~-~-~-~-~-~-~-~-~-~-~-~-~-~-~-~-~-~-
2024-11-11 16:44:45|   1.4|  0.0|WARN  |-~                                                                             ~-
2024-11-11 16:44:45|   1.4|  0.0|WARN  |-~    Feature caches have been recorded at every stage of the translation.     ~-
2024-11-11 16:44:45|   1.4|  0.0|WARN  |-~                      To inspect the recorded features,                      ~-
2024-11-11 16:44:45|   1.4|  0.0|WARN  |-~              click the feature cache icons next to the ports.               ~-
2024-11-11 16:44:45|   1.4|  0.0|WARN  |-~                                                                             ~-
2024-11-11 16:44:45|   1.4|  0.0|WARN  |-~-~-~-~-~-~-~-~-~-~-~-~-~-~-~-~-~-~-~-~-~-~-~-~-~-~-~-~-~-~-~-~-~-~-~-~-~-~-~-~-
2024-11-11 16:44:45|   1.4|  0.0|INFORM|Translation was SUCCESSFUL with 7 warning(s) (65 feature(s) output)
2024-11-11 16:44:45|   1.4|  0.0|INFORM|FME Session Duration: 1.8 seconds. (CPU: 0.6s user, 0.8s system)
2024-11-11 16:44:45|   1.4|  0.0|INFORM|END - ProcessID: 14952, peak process memory usage: 53952 kB, current process memory usage: 53952 kB
